irun(64): 15.20-s051: (c) Copyright 1995-2018 Cadence Design Systems, Inc.
TOOL:	irun(64)	15.20-s051: Started on Feb 27, 2019 at 08:49:53 IST
irun
	-sv
	-uvm
	-access +rwc
	-f compile_file.f
		../test_pkg/test_pkg.sv
		../env/top.sv
	+UVM_TESTNAME=test
Recompiling... reason: file '../rd_agent/rd_agt_top.sv' is newer than expected.
	expected: Wed Feb 27 08:46:37 2019
	actual:   Wed Feb 27 08:49:50 2019
Compiling UVM packages (uvm_pkg.sv cdns_uvm_pkg.sv) using uvmhome location /tools/cadence/INCISIVE152/tools/methodology/UVM/CDNS-1.1d
file: ../test_pkg/test_pkg.sv
	package worklib.test_pkg:sv
		errors: 0, warnings: 0
file: ../env/top.sv
	module worklib.top:sv
		errors: 0, warnings: 0
		Caching library 'worklib' ....... Done
	Elaborating the design hierarchy:
	Top level design units:
		uvm_pkg
		cdns_uvmapi
		cdns_assert2uvm_pkg
		cdns_uvm_pkg
		test_pkg
		top
ncelab: *W,DSEMEL: This SystemVerilog design will be simulated as per IEEE 1800-2009 SystemVerilog simulation semantics. Use -disable_sem2009 option for turning off SV 2009 simulation semantics.
	Building instance overlay tables: .................... Done
	Generating native compiled code:
		worklib.cdns_assert2uvm_pkg:sv <0x1f74a7e8>
			streams:   3, words:  2639
		worklib.cdns_uvm_pkg:sv <0x06831079>
			streams:  28, words: 46637
		worklib.cdns_uvm_pkg:sv <0x15ad5363>
			streams:  10, words:  9567
		worklib.cdns_uvm_pkg:sv <0x423d29ed>
			streams: 136, words: 297517
		worklib.cdns_uvm_pkg:sv <0x4a6ff343>
			streams:   9, words:  6436
		worklib.cdns_uvmapi:svp <0x6e441261>
			streams:  27, words: 38295
		worklib.test_pkg:sv <0x7c782eb3>
			streams:   0, words:     0
		worklib.top:sv <0x0f714a7d>
			streams:   1, words:   510
		worklib.uvm_pkg:sv <0x00eee85d>
			streams:  23, words: 30227
		worklib.uvm_pkg:sv <0x057a52f6>
			streams:  24, words: 27726
		worklib.uvm_pkg:sv <0x07aa5a17>
			streams:   8, words:  9053
		worklib.uvm_pkg:sv <0x0a71fa0c>
			streams:  17, words: 18882
		worklib.uvm_pkg:sv <0x0dd704d4>
			streams:   7, words:  2385
		worklib.uvm_pkg:sv <0x0e1de164>
			streams:   8, words:  8608
		worklib.uvm_pkg:sv <0x0ee227e5>
			streams:  25, words: 69451
		worklib.uvm_pkg:sv <0x0f18ba26>
			streams:   7, words:  1863
		worklib.uvm_pkg:sv <0x0fb6c280>
			streams:  23, words: 24857
		worklib.uvm_pkg:sv <0x1601b71a>
			streams:  24, words: 30236
		worklib.uvm_pkg:sv <0x16413d8c>
			streams:  23, words: 31599
		worklib.uvm_pkg:sv <0x16861e6c>
			streams:  22, words: 68993
		worklib.uvm_pkg:sv <0x19c85fb2>
			streams:  34, words: 42306
		worklib.uvm_pkg:sv <0x19fa15d6>
			streams: 310, words: 499224
		worklib.uvm_pkg:sv <0x1c361bdf>
			streams:  24, words: 27418
		worklib.uvm_pkg:sv <0x24f29e19>
			streams:  25, words: 67033
		worklib.uvm_pkg:sv <0x27f48fab>
			streams:  24, words: 30236
		worklib.uvm_pkg:sv <0x2864154d>
			streams:  16, words: 26899
		worklib.uvm_pkg:sv <0x28654e65>
			streams:  26, words: 42905
		worklib.uvm_pkg:sv <0x29a7761d>
			streams: 248, words: 447482
		worklib.uvm_pkg:sv <0x2ed4b284>
			streams:  24, words: 30396
		worklib.uvm_pkg:sv <0x33704d93>
			streams:   9, words:  5977
		worklib.uvm_pkg:sv <0x34c8d00b>
			streams:  25, words: 62303
		worklib.uvm_pkg:sv <0x357d666f>
			streams:  24, words: 40306
		worklib.uvm_pkg:sv <0x35810e0d>
			streams:   9, words:  3363
		worklib.uvm_pkg:sv <0x3b13d9e5>
			streams:  29, words: 121967
		worklib.uvm_pkg:sv <0x3b4b1812>
			streams:  27, words: 34211
		worklib.uvm_pkg:sv <0x3c37677b>
			streams:  25, words: 64671
		worklib.uvm_pkg:sv <0x3db568e5>
			streams:  91, words: 164644
		worklib.uvm_pkg:sv <0x3efb096c>
			streams:  28, words: 36794
		worklib.uvm_pkg:sv <0x47abae20>
			streams: 4718, words: 10640449
		worklib.uvm_pkg:sv <0x48afb68f>
			streams:  27, words: 55779
		worklib.uvm_pkg:sv <0x48ebc97e>
			streams:  26, words: 58656
		worklib.uvm_pkg:sv <0x4a4fa98f>
			streams:  27, words: 46271
		worklib.uvm_pkg:sv <0x4b01ea30>
			streams:   7, words:  3230
		worklib.uvm_pkg:sv <0x507fc0db>
			streams:   7, words:  3230
		worklib.uvm_pkg:sv <0x50f95399>
			streams:  23, words: 29937
		worklib.uvm_pkg:sv <0x5365e011>
			streams:  34, words: 42306
		worklib.uvm_pkg:sv <0x545ba0ff>
			streams:  25, words: 63122
		worklib.uvm_pkg:sv <0x5797892d>
			streams:  27, words: 43114
		worklib.uvm_pkg:sv <0x580cbe62>
			streams:  27, words: 45373
		worklib.uvm_pkg:sv <0x5ee75526>
			streams:   7, words:  3230
		worklib.uvm_pkg:sv <0x5f9a99ac>
			streams:  24, words: 27418
		worklib.uvm_pkg:sv <0x5f9e442f>
			streams:  91, words: 159883
		worklib.uvm_pkg:sv <0x603ffc8b>
			streams:  24, words: 27726
		worklib.uvm_pkg:sv <0x643198e1>
			streams:  22, words: 21580
		worklib.uvm_pkg:sv <0x64e9862e>
			streams:   7, words:  7967
		worklib.uvm_pkg:sv <0x668a4533>
			streams:  71, words: 153928
		worklib.uvm_pkg:sv <0x6c5b0ecc>
			streams:  25, words: 71098
		worklib.uvm_pkg:sv <0x6e233b6b>
			streams:  27, words: 48536
		worklib.uvm_pkg:sv <0x6f87a8c4>
			streams:  22, words: 21579
		worklib.uvm_pkg:sv <0x7110ab53>
			streams:  26, words: 40358
		worklib.uvm_pkg:sv <0x74d0b56e>
			streams:  45, words: 44143
		worklib.uvm_pkg:sv <0x7878a07f>
			streams:   7, words:  1863
		worklib.uvm_pkg:sv <0x7a59dd4c>
			streams:  24, words: 27471
		worklib.uvm_pkg:sv <0x7dda4323>
			streams: 175, words: 230108
	Building instance specific data structures.
	Loading native compiled code:     .................... Done
	Design hierarchy summary:
		                       Instances  Unique
		Modules:                       1       1
		Verilog packages:              5       5
		Registers:                 15308   10356
		Named events:                  4      12
		Initial blocks:              329     167
		Parallel blocks:              26      27
		Assertions:                    2       2
		SV Class declarations:       211     325
		SV Class specializations:    435     435
	Writing initial simulation snapshot: worklib.top:sv
Loading snapshot worklib.top:sv .................... Done
SVSEED default: 1
ncsim: *W,DSEM2009: This SystemVerilog design is simulated as per IEEE 1800-2009 SystemVerilog simulation semantics. Use -disable_sem2009 option for turning off SV 2009 simulation semantics.
ncsim> source /tools/cadence/INCISIVE152/tools/inca/files/ncsimrc
ncsim> source /tools/cadence/INCISIVE152/tools/methodology/UVM/CDNS-1.1d/additions/sv/files/tcl/uvm_sim.tcl
ncsim> run
----------------------------------------------------------------
CDNS-UVM-1.1d (15.20-s051)
(C) 2007-2013 Mentor Graphics Corporation
(C) 2007-2013 Cadence Design Systems, Inc.
(C) 2006-2013 Synopsys, Inc.
(C) 2011-2013 Cypress Semiconductor Corp.
----------------------------------------------------------------

  ***********       IMPORTANT RELEASE NOTES         ************

  You are using a version of the UVM library that has been compiled
  with `UVM_NO_DEPRECATED undefined.
  See http://www.eda.org/svdb/view.php?id=3313 for more details.

  You are using a version of the UVM library that has been compiled
  with `UVM_OBJECT_MUST_HAVE_CONSTRUCTOR undefined.
  See http://www.eda.org/svdb/view.php?id=3770 for more details.

      (Specify +UVM_NO_RELNOTES to turn off this notice)

UVM_FATAL /tools/cadence/INCISIVE152/tools/methodology/UVM/CDNS-1.1d/sv/src/base/uvm_component.svh(1729) @ 0: uvm_test_top [THISPARENT] cannot set the parent of a component to itself

--- UVM Report catcher Summary ---


Number of demoted UVM_FATAL reports  :    0
Number of demoted UVM_ERROR reports  :    0
Number of demoted UVM_WARNING reports:    0
Number of caught UVM_FATAL reports   :    0
Number of caught UVM_ERROR reports   :    0
Number of caught UVM_WARNING reports :    0

--- UVM Report Summary ---

** Report counts by severity
UVM_INFO :    0
UVM_WARNING :    0
UVM_ERROR :    0
UVM_FATAL :    1
** Report counts by id
[THISPARENT]     1
Simulation complete via $finish(1) at time 0 FS + 0
/tools/cadence/INCISIVE152/tools/methodology/UVM/CDNS-1.1d/sv/src/base/uvm_report_object.svh:292     $finish;
ncsim> exit
TOOL:	irun(64)	15.20-s051: Exiting on Feb 27, 2019 at 08:50:00 IST  (total: 00:00:07)
