xrun(64): 22.09-s003: (c) Copyright 1995-2022 Cadence Design Systems, Inc.
TOOL:	xrun(64)	22.09-s003: Started on Jan 06, 2025 at 15:14:42 IST
xrun
	-access +rwc
	-f compile_file.f
		../APB_RTL/APB_Master.v
		../uvm_testbench/apb_top/apb_interface.sv
		../uvm_testbench/apb_top/apb_test_pkg.sv
		../uvm_testbench/apb_test/apb_top.sv
	-uvmhome CDNS-1.1d
	+UVM_TESTNAME=apb_custom_write_test
Recompiling... reason: file '../uvm_testbench/apb_sequence/apb_sequence_write.sv' is newer than expected.
	expected: Mon Jan  6 15:13:02 2025
	actual:   Mon Jan  6 15:14:40 2025
Compiling UVM packages (uvm_pkg.sv cdns_uvm_pkg.sv) using uvmhome location /tools/cadence_march2021/XCELIUM2209/tools/methodology/UVM/CDNS-1.1d
file: ../uvm_testbench/apb_top/apb_test_pkg.sv
            tr.randomize with {pready == 1;};
                       |
xmvlog: *W,FUNTSK (../uvm_testbench/apb_sequence/apb_sequence_slave_rw.sv,19|23): function called as a task without void'().
        uvm_config_db#(virtual intf)::get(this,"", "intf_inst",vif);
                                        |
xmvlog: *W,FUNTSK (../uvm_testbench/apb_env/apb_scoreboard.sv,15|40): function called as a task without void'().
	package worklib.apb_test_pkg:sv
		errors: 0, warnings: 2
file: ../uvm_testbench/apb_test/apb_top.sv
	module worklib.apb_top:sv
		errors: 0, warnings: 0
		Caching library 'worklib' ....... Done
	Elaborating the design hierarchy:
	Top level design units:
		uvm_pkg
		cdns_uvmapi
		cdns_assert2uvm_pkg
		cdns_uvm_pkg
		apb_test_pkg
		apb_top
xmelab: *W,DSEMEL: This SystemVerilog design will be simulated as per IEEE 1800-2009 SystemVerilog simulation semantics. Use -disable_sem2009 option for turning off SV 2009 simulation semantics.
	Building instance overlay tables: .................... Done
	Generating native compiled code:
		worklib.apb_top:sv <0x53498dd3>
			streams: 1117, words: 1277434
	Building instance specific data structures.
	Loading native compiled code:     .................... Done
	Design hierarchy summary:
		                       Instances  Unique
		Modules:                       2       2
		Interfaces:                    1       1
		Verilog packages:              5       5
		Registers:                 14938   10410
		Scalar wires:                 16       -
		Vectored wires:                9       -
		Named events:                  4      12
		Always blocks:                 4       4
		Initial blocks:              324     168
		Parallel blocks:              36      37
		Cont. assignments:             2       2
		Pseudo assignments:           17      17
		Assertions:                    7       7
		SV Class declarations:       211     325
		SV Class specializations:    427     427
		Simulation timescale:        1ps
	Writing initial simulation snapshot: worklib.apb_top:sv
Loading snapshot worklib.apb_top:sv .................... Done
SVSEED default: 1
xmsim: *W,DSEM2009: This SystemVerilog design is simulated as per IEEE 1800-2009 SystemVerilog simulation semantics. Use -disable_sem2009 option for turning off SV 2009 simulation semantics.
xcelium> source /tools/cadence_march2021/XCELIUM2209/tools/xcelium/files/xmsimrc
xcelium> source /tools/cadence_march2021/XCELIUM2209/tools/methodology/UVM/CDNS-1.1d/additions/sv/files/tcl/uvm_sim.tcl
xcelium> run
----------------------------------------------------------------
CDNS-UVM-1.1d (22.09-s003)
(C) 2007-2013 Mentor Graphics Corporation
(C) 2007-2013 Cadence Design Systems, Inc.
(C) 2006-2013 Synopsys, Inc.
(C) 2011-2013 Cypress Semiconductor Corp.
----------------------------------------------------------------

  ***********       IMPORTANT RELEASE NOTES         ************

  You are using a version of the UVM library that has been compiled
  with `UVM_NO_DEPRECATED undefined.
  See http://www.eda.org/svdb/view.php?id=3313 for more details.

  You are using a version of the UVM library that has been compiled
  with `UVM_OBJECT_MUST_HAVE_CONSTRUCTOR undefined.
  See http://www.eda.org/svdb/view.php?id=3770 for more details.

      (Specify +UVM_NO_RELNOTES to turn off this notice)

UVM_INFO @ 0: reporter [RNTST] Running test apb_custom_write_test...
UVM_INFO ../uvm_testbench/apb_agent/apb_agent_jtag.sv(16) @ 0: uvm_test_top.env.apj [apb_agent_jtag] build phase started
UVM_INFO ../uvm_testbench/apb_agent/apb_driver.sv(11) @ 0: uvm_test_top.env.apj.dri [apb_driver_jtag] build phase started
UVM_INFO ../uvm_testbench/apb_agent/apb_monitor.sv(16) @ 0: uvm_test_top.env.apj.mon [apb_monitor] build phase started
UVM_INFO ../uvm_testbench/apb_agent/apb_agent_slave.sv(41) @ 0: uvm_test_top.env.aps [apb_slave_agent] build phase started
UVM_INFO ../uvm_testbench/apb_agent/apb_driver_slave.sv(12) @ 0: uvm_test_top.env.aps.dri_s [apb_slave_driver] build phase started
UVM_INFO ../uvm_testbench/apb_sequence/apb_sequence_write.sv(143) @ 0: uvm_test_top.env.apj.seqr@@jseq [apb_jtag_custom_write_sequence] in sequene body
UVM_INFO ../uvm_testbench/apb_sequence/apb_sequence_slave_rw.sv(13) @ 0: uvm_test_top.env.aps.seqr_s@@slseq [apb_slave_fixed_response_seq] in sequence body
UVM_INFO ../uvm_testbench/apb_agent/apb_driver_slave.sv(25) @ 0: uvm_test_top.env.aps.dri_s [apb_slave_driver] psel _driver running
UVM_INFO ../uvm_testbench/apb_sequence/apb_sequence_write.sv(174) @ 20000: uvm_test_top.env.apj.seqr@@jseq [apb_jtag_custom_write_sequence] jtag sequence completed
the value of slave error is 0
UVM_INFO ../uvm_testbench/apb_sequence/apb_sequence_slave_rw.sv(22) @ 30000: uvm_test_top.env.aps.seqr_s@@slseq [apb_slave_fixed_response_seq] slave sequence completed
UVM_INFO ../uvm_testbench/apb_sequence/apb_sequence_write.sv(143) @ 30000: uvm_test_top.env.apj.seqr@@jseq [apb_jtag_custom_write_sequence] in sequene body
UVM_INFO ../uvm_testbench/apb_sequence/apb_sequence_slave_rw.sv(13) @ 30000: uvm_test_top.env.aps.seqr_s@@slseq [apb_slave_fixed_response_seq] in sequence body
UVM_INFO ../uvm_testbench/apb_agent/apb_driver_slave.sv(25) @ 30000: uvm_test_top.env.aps.dri_s [apb_slave_driver] psel _driver running
UVM_INFO ../uvm_testbench/apb_agent/apb_driver.sv(24) @ 30000: uvm_test_top.env.apj.dri [apb_driver_jtag] write instructions from sequence received given
-----------------------------------------------------------------------------------------
Name                           Type                  Size  Value                         
-----------------------------------------------------------------------------------------
write_transaction              apb_jtag_transaction  -     @2713                         
  transfer                     integral              1     'h1                           
  read                         integral              1     'h0                           
  write                        integral              1     'h1                           
  apb_paddr                    integral              32    'h4f079b19                    
  apb_write_data               integral              32    'hfabcfb9f                    
  prdata                       integral              32    'h0                           
  pready                       integral              1     'h0                           
  pslverr                      integral              1     'h0                           
  psel                         integral              1     'h0                           
  pwrite                       integral              1     'h0                           
  paddr                        integral              32    'h0                           
  pwdata                       integral              32    'h0                           
  apb_read_data_out            integral              32    'h0                           
  apb_read_data_valid          integral              1     'h0                           
  begin_time                   time                  64    30000                         
  end_time                     time                  64    20000                         
  depth                        int                   32    'd2                           
  parent sequence (name)       string                4     jseq                          
  parent sequence (full name)  string                30    uvm_test_top.env.apj.seqr.jseq
  sequencer                    string                25    uvm_test_top.env.apj.seqr     
-----------------------------------------------------------------------------------------
UVM_INFO ../uvm_testbench/apb_agent/apb_driver.sv(33) @ 30000: uvm_test_top.env.apj.dri [apb_driver_jtag] write instructions given
UVM_INFO ../uvm_testbench/apb_agent/apb_driver.sv(38) @ 30000: uvm_test_top.env.apj.dri [apb_driver_jtag] penable went low
UVM_INFO ../uvm_testbench/apb_agent/apb_driver_slave.sv(32) @ 70000: uvm_test_top.env.aps.dri_s [apb_slave_driver] psel detected high by slave
UVM_INFO ../uvm_testbench/apb_agent/apb_monitor.sv(65) @ 70000: uvm_test_top.env.apj.mon [apb_monitor] from monitor after sampling
         0 -------------         0
-------------------------------------------------------------
Name                   Type                  Size  Value     
-------------------------------------------------------------
trans                  apb_jtag_transaction  -     @4666     
  transfer             integral              1     'h1       
  read                 integral              1     'h0       
  write                integral              1     'h1       
  apb_paddr            integral              32    'h4f079b19
  apb_write_data       integral              32    'hfabcfb9f
  prdata               integral              32    'h0       
  pready               integral              1     'h0       
  pslverr              integral              1     'h0       
  psel                 integral              1     'h1       
  pwrite               integral              1     'h0       
  paddr                integral              32    'h4f079b19
  pwdata               integral              32    'hfabcfb9f
  apb_read_data_out    integral              32    'h0       
  apb_read_data_valid  integral              1     'h0       
-------------------------------------------------------------
UVM_INFO ../uvm_testbench/apb_env/apb_scoreboard.sv(22) @ 70000: uvm_test_top.env.scb [apb_scoreboard] write operation performed successfully apb_write_data = fabcfb9f,  apb_pwdata = fabcfb9f
UVM_INFO ../uvm_testbench/apb_agent/apb_driver_slave.sv(38) @ 90000: uvm_test_top.env.aps.dri_s [apb_slave_driver] high enable detected by slave
data written into slave at memory [4f079b19] = fabcfb9f
UVM_INFO ../uvm_testbench/apb_agent/apb_driver.sv(43) @ 90000: uvm_test_top.env.apj.dri [apb_driver_jtag] penable went high
UVM_INFO ../uvm_testbench/apb_agent/apb_monitor.sv(65) @ 110000: uvm_test_top.env.apj.mon [apb_monitor] from monitor after sampling
         0 -------------         0
-------------------------------------------------------------
Name                   Type                  Size  Value     
-------------------------------------------------------------
trans                  apb_jtag_transaction  -     @4736     
  transfer             integral              1     'h1       
  read                 integral              1     'h0       
  write                integral              1     'h1       
  apb_paddr            integral              32    'h4f079b19
  apb_write_data       integral              32    'hfabcfb9f
  prdata               integral              32    'h0       
  pready               integral              1     'h0       
  pslverr              integral              1     'h0       
  psel                 integral              1     'h1       
  pwrite               integral              1     'h0       
  paddr                integral              32    'h4f079b19
  pwdata               integral              32    'hfabcfb9f
  apb_read_data_out    integral              32    'h0       
  apb_read_data_valid  integral              1     'h0       
-------------------------------------------------------------
UVM_INFO ../uvm_testbench/apb_env/apb_scoreboard.sv(22) @ 110000: uvm_test_top.env.scb [apb_scoreboard] write operation performed successfully apb_write_data = fabcfb9f,  apb_pwdata = fabcfb9f
the value of slave error is 0
UVM_INFO ../uvm_testbench/apb_sequence/apb_sequence_slave_rw.sv(22) @ 110000: uvm_test_top.env.aps.seqr_s@@slseq [apb_slave_fixed_response_seq] slave sequence completed
UVM_INFO ../uvm_testbench/apb_agent/apb_driver.sv(50) @ 110000: uvm_test_top.env.apj.dri [apb_driver_jtag] penable went low for next transaction
UVM_INFO ../uvm_testbench/apb_agent/apb_driver.sv(51) @ 110000: uvm_test_top.env.apj.dri [apb_driver_jtag] transaction completed
UVM_INFO ../uvm_testbench/apb_sequence/apb_sequence_write.sv(174) @ 110000: uvm_test_top.env.apj.seqr@@jseq [apb_jtag_custom_write_sequence] jtag sequence completed
UVM_INFO ../uvm_testbench/apb_sequence/apb_sequence_write.sv(143) @ 110000: uvm_test_top.env.apj.seqr@@jseq [apb_jtag_custom_write_sequence] in sequene body
UVM_INFO ../uvm_testbench/apb_sequence/apb_sequence_slave_rw.sv(13) @ 110000: uvm_test_top.env.aps.seqr_s@@slseq [apb_slave_fixed_response_seq] in sequence body
UVM_INFO ../uvm_testbench/apb_agent/apb_driver.sv(24) @ 110000: uvm_test_top.env.apj.dri [apb_driver_jtag] write instructions from sequence received given
-----------------------------------------------------------------------------------------
Name                           Type                  Size  Value                         
-----------------------------------------------------------------------------------------
write_transaction              apb_jtag_transaction  -     @2713                         
  transfer                     integral              1     'h1                           
  read                         integral              1     'h1                           
  write                        integral              1     'h0                           
  apb_paddr                    integral              32    'h4f079b19                    
  apb_write_data               integral              32    'hffab8374                    
  prdata                       integral              32    'h0                           
  pready                       integral              1     'h0                           
  pslverr                      integral              1     'h0                           
  psel                         integral              1     'h0                           
  pwrite                       integral              1     'h0                           
  paddr                        integral              32    'h0                           
  pwdata                       integral              32    'h0                           
  apb_read_data_out            integral              32    'h0                           
  apb_read_data_valid          integral              1     'h0                           
  begin_time                   time                  64    110000                        
  end_time                     time                  64    110000                        
  depth                        int                   32    'd2                           
  parent sequence (name)       string                4     jseq                          
  parent sequence (full name)  string                30    uvm_test_top.env.apj.seqr.jseq
  sequencer                    string                25    uvm_test_top.env.apj.seqr     
-----------------------------------------------------------------------------------------
UVM_INFO ../uvm_testbench/apb_agent/apb_driver.sv(33) @ 110000: uvm_test_top.env.apj.dri [apb_driver_jtag] write instructions given
UVM_INFO ../uvm_testbench/apb_agent/apb_driver.sv(38) @ 110000: uvm_test_top.env.apj.dri [apb_driver_jtag] penable went low
UVM_INFO ../uvm_testbench/apb_agent/apb_driver_slave.sv(25) @ 110000: uvm_test_top.env.aps.dri_s [apb_slave_driver] psel _driver running
UVM_INFO ../uvm_testbench/apb_agent/apb_driver_slave.sv(32) @ 130000: uvm_test_top.env.aps.dri_s [apb_slave_driver] psel detected high by slave
UVM_INFO ../uvm_testbench/apb_agent/apb_driver_slave.sv(38) @ 130000: uvm_test_top.env.aps.dri_s [apb_slave_driver] high enable detected by slave
UVM_INFO ../uvm_testbench/apb_agent/apb_monitor.sv(65) @ 150000: uvm_test_top.env.apj.mon [apb_monitor] from monitor after sampling
4206689183 -------------4206689183
-------------------------------------------------------------
Name                   Type                  Size  Value     
-------------------------------------------------------------
trans                  apb_jtag_transaction  -     @4730     
  transfer             integral              1     'h1       
  read                 integral              1     'h1       
  write                integral              1     'h0       
  apb_paddr            integral              32    'h4f079b19
  apb_write_data       integral              32    'hffab8374
  prdata               integral              32    'hfabcfb9f
  pready               integral              1     'h0       
  pslverr              integral              1     'h0       
  psel                 integral              1     'h1       
  pwrite               integral              1     'h0       
  paddr                integral              32    'h4f079b19
  pwdata               integral              32    'h0       
  apb_read_data_out    integral              32    'hfabcfb9f
  apb_read_data_valid  integral              1     'h0       
-------------------------------------------------------------
UVM_INFO ../uvm_testbench/apb_env/apb_scoreboard.sv(27) @ 150000: uvm_test_top.env.scb [apb_scoreboard] read operation performed successfully apb_read_data_out = fabcfb9f,  apb_prdata = fabcfb9f
UVM_INFO ../uvm_testbench/apb_agent/apb_driver.sv(43) @ 150000: uvm_test_top.env.apj.dri [apb_driver_jtag] penable went high
the value of slave error is 0
UVM_INFO ../uvm_testbench/apb_sequence/apb_sequence_slave_rw.sv(22) @ 150000: uvm_test_top.env.aps.seqr_s@@slseq [apb_slave_fixed_response_seq] slave sequence completed
UVM_INFO ../uvm_testbench/apb_agent/apb_driver.sv(50) @ 150000: uvm_test_top.env.apj.dri [apb_driver_jtag] penable went low for next transaction
UVM_INFO ../uvm_testbench/apb_agent/apb_driver.sv(51) @ 150000: uvm_test_top.env.apj.dri [apb_driver_jtag] transaction completed
UVM_INFO ../uvm_testbench/apb_sequence/apb_sequence_write.sv(174) @ 150000: uvm_test_top.env.apj.seqr@@jseq [apb_jtag_custom_write_sequence] jtag sequence completed
UVM_INFO ../uvm_testbench/apb_sequence/apb_sequence_write.sv(143) @ 150000: uvm_test_top.env.apj.seqr@@jseq [apb_jtag_custom_write_sequence] in sequene body
UVM_INFO ../uvm_testbench/apb_sequence/apb_sequence_slave_rw.sv(13) @ 150000: uvm_test_top.env.aps.seqr_s@@slseq [apb_slave_fixed_response_seq] in sequence body
UVM_INFO ../uvm_testbench/apb_agent/apb_driver.sv(24) @ 150000: uvm_test_top.env.apj.dri [apb_driver_jtag] write instructions from sequence received given
-----------------------------------------------------------------------------------------
Name                           Type                  Size  Value                         
-----------------------------------------------------------------------------------------
write_transaction              apb_jtag_transaction  -     @2713                         
  transfer                     integral              1     'h1                           
  read                         integral              1     'h0                           
  write                        integral              1     'h1                           
  apb_paddr                    integral              32    'h8a15ffc                     
  apb_write_data               integral              32    'h69307d80                    
  prdata                       integral              32    'h0                           
  pready                       integral              1     'h0                           
  pslverr                      integral              1     'h0                           
  psel                         integral              1     'h0                           
  pwrite                       integral              1     'h0                           
  paddr                        integral              32    'h0                           
  pwdata                       integral              32    'h0                           
  apb_read_data_out            integral              32    'hfabcfb9f                    
  apb_read_data_valid          integral              1     'h0                           
  begin_time                   time                  64    150000                        
  end_time                     time                  64    150000                        
  depth                        int                   32    'd2                           
  parent sequence (name)       string                4     jseq                          
  parent sequence (full name)  string                30    uvm_test_top.env.apj.seqr.jseq
  sequencer                    string                25    uvm_test_top.env.apj.seqr     
-----------------------------------------------------------------------------------------
UVM_INFO ../uvm_testbench/apb_agent/apb_driver.sv(33) @ 150000: uvm_test_top.env.apj.dri [apb_driver_jtag] write instructions given
UVM_INFO ../uvm_testbench/apb_agent/apb_driver.sv(38) @ 150000: uvm_test_top.env.apj.dri [apb_driver_jtag] penable went low
UVM_INFO ../uvm_testbench/apb_agent/apb_driver_slave.sv(25) @ 150000: uvm_test_top.env.aps.dri_s [apb_slave_driver] psel _driver running
UVM_INFO ../uvm_testbench/apb_agent/apb_driver_slave.sv(32) @ 170000: uvm_test_top.env.aps.dri_s [apb_slave_driver] psel detected high by slave
UVM_INFO ../uvm_testbench/apb_agent/apb_monitor.sv(65) @ 190000: uvm_test_top.env.apj.mon [apb_monitor] from monitor after sampling
4206689183 -------------         0
-------------------------------------------------------------
Name                   Type                  Size  Value     
-------------------------------------------------------------
trans                  apb_jtag_transaction  -     @4794     
  transfer             integral              1     'h1       
  read                 integral              1     'h0       
  write                integral              1     'h1       
  apb_paddr            integral              32    'h8a15ffc 
  apb_write_data       integral              32    'h69307d80
  prdata               integral              32    'h0       
  pready               integral              1     'h0       
  pslverr              integral              1     'h0       
  psel                 integral              1     'h1       
  pwrite               integral              1     'h0       
  paddr                integral              32    'h8a15ffc 
  pwdata               integral              32    'h69307d80
  apb_read_data_out    integral              32    'h0       
  apb_read_data_valid  integral              1     'h0       
-------------------------------------------------------------
UVM_INFO ../uvm_testbench/apb_env/apb_scoreboard.sv(22) @ 190000: uvm_test_top.env.scb [apb_scoreboard] write operation performed successfully apb_write_data = 69307d80,  apb_pwdata = 69307d80
UVM_INFO ../uvm_testbench/apb_agent/apb_driver.sv(43) @ 190000: uvm_test_top.env.apj.dri [apb_driver_jtag] penable went high
UVM_INFO ../uvm_testbench/apb_agent/apb_monitor.sv(65) @ 230000: uvm_test_top.env.apj.mon [apb_monitor] from monitor after sampling
4206689183 -------------         0
-------------------------------------------------------------
Name                   Type                  Size  Value     
-------------------------------------------------------------
trans                  apb_jtag_transaction  -     @4844     
  transfer             integral              1     'h1       
  read                 integral              1     'h0       
  write                integral              1     'h1       
  apb_paddr            integral              32    'h8a15ffc 
  apb_write_data       integral              32    'h69307d80
  prdata               integral              32    'h0       
  pready               integral              1     'h0       
  pslverr              integral              1     'h0       
  psel                 integral              1     'h1       
  pwrite               integral              1     'h0       
  paddr                integral              32    'h8a15ffc 
  pwdata               integral              32    'h69307d80
  apb_read_data_out    integral              32    'h0       
  apb_read_data_valid  integral              1     'h0       
-------------------------------------------------------------
UVM_INFO ../uvm_testbench/apb_env/apb_scoreboard.sv(22) @ 230000: uvm_test_top.env.scb [apb_scoreboard] write operation performed successfully apb_write_data = 69307d80,  apb_pwdata = 69307d80
UVM_INFO ../uvm_testbench/apb_agent/apb_monitor.sv(65) @ 270000: uvm_test_top.env.apj.mon [apb_monitor] from monitor after sampling
4206689183 -------------         0
-------------------------------------------------------------
Name                   Type                  Size  Value     
-------------------------------------------------------------
trans                  apb_jtag_transaction  -     @4646     
  transfer             integral              1     'h1       
  read                 integral              1     'h0       
  write                integral              1     'h1       
  apb_paddr            integral              32    'h8a15ffc 
  apb_write_data       integral              32    'h69307d80
  prdata               integral              32    'h0       
  pready               integral              1     'h0       
  pslverr              integral              1     'h0       
  psel                 integral              1     'h1       
  pwrite               integral              1     'h0       
  paddr                integral              32    'h8a15ffc 
  pwdata               integral              32    'h69307d80
  apb_read_data_out    integral              32    'h0       
  apb_read_data_valid  integral              1     'h0       
-------------------------------------------------------------
UVM_INFO ../uvm_testbench/apb_env/apb_scoreboard.sv(22) @ 270000: uvm_test_top.env.scb [apb_scoreboard] write operation performed successfully apb_write_data = 69307d80,  apb_pwdata = 69307d80
UVM_INFO ../uvm_testbench/apb_agent/apb_driver_slave.sv(38) @ 270000: uvm_test_top.env.aps.dri_s [apb_slave_driver] high enable detected by slave
data written into slave at memory [08a15ffc] = 69307d80
the value of slave error is 1
UVM_INFO ../uvm_testbench/apb_sequence/apb_sequence_slave_rw.sv(22) @ 290000: uvm_test_top.env.aps.seqr_s@@slseq [apb_slave_fixed_response_seq] slave sequence completed
UVM_INFO ../uvm_testbench/apb_agent/apb_driver.sv(50) @ 290000: uvm_test_top.env.apj.dri [apb_driver_jtag] penable went low for next transaction
UVM_INFO ../uvm_testbench/apb_agent/apb_driver.sv(51) @ 290000: uvm_test_top.env.apj.dri [apb_driver_jtag] transaction completed
UVM_INFO ../uvm_testbench/apb_sequence/apb_sequence_write.sv(174) @ 290000: uvm_test_top.env.apj.seqr@@jseq [apb_jtag_custom_write_sequence] jtag sequence completed
UVM_INFO ../uvm_testbench/apb_sequence/apb_sequence_write.sv(143) @ 290000: uvm_test_top.env.apj.seqr@@jseq [apb_jtag_custom_write_sequence] in sequene body
UVM_INFO ../uvm_testbench/apb_sequence/apb_sequence_slave_rw.sv(13) @ 290000: uvm_test_top.env.aps.seqr_s@@slseq [apb_slave_fixed_response_seq] in sequence body
UVM_INFO ../uvm_testbench/apb_agent/apb_driver.sv(24) @ 290000: uvm_test_top.env.apj.dri [apb_driver_jtag] write instructions from sequence received given
-----------------------------------------------------------------------------------------
Name                           Type                  Size  Value                         
-----------------------------------------------------------------------------------------
write_transaction              apb_jtag_transaction  -     @2713                         
  transfer                     integral              1     'h1                           
  read                         integral              1     'h1                           
  write                        integral              1     'h0                           
  apb_paddr                    integral              32    'h8a15ffc                     
  apb_write_data               integral              32    'h69e930b1                    
  prdata                       integral              32    'h0                           
  pready                       integral              1     'h0                           
  pslverr                      integral              1     'h0                           
  psel                         integral              1     'h0                           
  pwrite                       integral              1     'h0                           
  paddr                        integral              32    'h0                           
  pwdata                       integral              32    'h0                           
  apb_read_data_out            integral              32    'hfabcfb9f                    
  apb_read_data_valid          integral              1     'h0                           
  begin_time                   time                  64    290000                        
  end_time                     time                  64    290000                        
  depth                        int                   32    'd2                           
  parent sequence (name)       string                4     jseq                          
  parent sequence (full name)  string                30    uvm_test_top.env.apj.seqr.jseq
  sequencer                    string                25    uvm_test_top.env.apj.seqr     
-----------------------------------------------------------------------------------------
UVM_INFO ../uvm_testbench/apb_agent/apb_driver.sv(33) @ 290000: uvm_test_top.env.apj.dri [apb_driver_jtag] write instructions given
UVM_INFO ../uvm_testbench/apb_agent/apb_driver.sv(38) @ 290000: uvm_test_top.env.apj.dri [apb_driver_jtag] penable went low
UVM_INFO ../uvm_testbench/apb_agent/apb_driver_slave.sv(25) @ 290000: uvm_test_top.env.aps.dri_s [apb_slave_driver] psel _driver running
UVM_INFO ../uvm_testbench/apb_agent/apb_driver_slave.sv(32) @ 310000: uvm_test_top.env.aps.dri_s [apb_slave_driver] psel detected high by slave
UVM_INFO ../uvm_testbench/apb_agent/apb_driver_slave.sv(38) @ 310000: uvm_test_top.env.aps.dri_s [apb_slave_driver] high enable detected by slave
UVM_INFO ../uvm_testbench/apb_agent/apb_monitor.sv(65) @ 310000: uvm_test_top.env.apj.mon [apb_monitor] from monitor after sampling
4206689183 -------------4206689183
-------------------------------------------------------------
Name                   Type                  Size  Value     
-------------------------------------------------------------
trans                  apb_jtag_transaction  -     @4666     
  transfer             integral              1     'h1       
  read                 integral              1     'h1       
  write                integral              1     'h0       
  apb_paddr            integral              32    'h8a15ffc 
  apb_write_data       integral              32    'h69e930b1
  prdata               integral              32    'hfabcfb9f
  pready               integral              1     'h0       
  pslverr              integral              1     'h0       
  psel                 integral              1     'h1       
  pwrite               integral              1     'h0       
  paddr                integral              32    'h8a15ffc 
  pwdata               integral              32    'h0       
  apb_read_data_out    integral              32    'hfabcfb9f
  apb_read_data_valid  integral              1     'h0       
-------------------------------------------------------------
UVM_INFO ../uvm_testbench/apb_env/apb_scoreboard.sv(27) @ 310000: uvm_test_top.env.scb [apb_scoreboard] read operation performed successfully apb_read_data_out = fabcfb9f,  apb_prdata = fabcfb9f
UVM_INFO ../uvm_testbench/apb_agent/apb_driver.sv(43) @ 330000: uvm_test_top.env.apj.dri [apb_driver_jtag] penable went high
the value of slave error is 1
UVM_INFO ../uvm_testbench/apb_sequence/apb_sequence_slave_rw.sv(22) @ 330000: uvm_test_top.env.aps.seqr_s@@slseq [apb_slave_fixed_response_seq] slave sequence completed
UVM_INFO ../uvm_testbench/apb_agent/apb_driver.sv(50) @ 330000: uvm_test_top.env.apj.dri [apb_driver_jtag] penable went low for next transaction
UVM_INFO ../uvm_testbench/apb_agent/apb_driver.sv(51) @ 330000: uvm_test_top.env.apj.dri [apb_driver_jtag] transaction completed
UVM_INFO ../uvm_testbench/apb_sequence/apb_sequence_write.sv(174) @ 330000: uvm_test_top.env.apj.seqr@@jseq [apb_jtag_custom_write_sequence] jtag sequence completed
UVM_INFO ../uvm_testbench/apb_sequence/apb_sequence_write.sv(143) @ 330000: uvm_test_top.env.apj.seqr@@jseq [apb_jtag_custom_write_sequence] in sequene body
UVM_INFO ../uvm_testbench/apb_sequence/apb_sequence_slave_rw.sv(13) @ 330000: uvm_test_top.env.aps.seqr_s@@slseq [apb_slave_fixed_response_seq] in sequence body
UVM_INFO ../uvm_testbench/apb_agent/apb_driver.sv(24) @ 330000: uvm_test_top.env.apj.dri [apb_driver_jtag] write instructions from sequence received given
-----------------------------------------------------------------------------------------
Name                           Type                  Size  Value                         
-----------------------------------------------------------------------------------------
write_transaction              apb_jtag_transaction  -     @2713                         
  transfer                     integral              1     'h1                           
  read                         integral              1     'h0                           
  write                        integral              1     'h1                           
  apb_paddr                    integral              32    'h2382f594                    
  apb_write_data               integral              32    'hc28f5448                    
  prdata                       integral              32    'h0                           
  pready                       integral              1     'h0                           
  pslverr                      integral              1     'h0                           
  psel                         integral              1     'h0                           
  pwrite                       integral              1     'h0                           
  paddr                        integral              32    'h0                           
  pwdata                       integral              32    'h0                           
  apb_read_data_out            integral              32    'h69307d80                    
  apb_read_data_valid          integral              1     'h0                           
  begin_time                   time                  64    330000                        
  end_time                     time                  64    330000                        
  depth                        int                   32    'd2                           
  parent sequence (name)       string                4     jseq                          
  parent sequence (full name)  string                30    uvm_test_top.env.apj.seqr.jseq
  sequencer                    string                25    uvm_test_top.env.apj.seqr     
-----------------------------------------------------------------------------------------
UVM_INFO ../uvm_testbench/apb_agent/apb_driver.sv(33) @ 330000: uvm_test_top.env.apj.dri [apb_driver_jtag] write instructions given
UVM_INFO ../uvm_testbench/apb_agent/apb_driver.sv(38) @ 330000: uvm_test_top.env.apj.dri [apb_driver_jtag] penable went low
UVM_INFO ../uvm_testbench/apb_agent/apb_driver_slave.sv(25) @ 330000: uvm_test_top.env.aps.dri_s [apb_slave_driver] psel _driver running
UVM_INFO ../uvm_testbench/apb_agent/apb_driver_slave.sv(32) @ 350000: uvm_test_top.env.aps.dri_s [apb_slave_driver] psel detected high by slave
UVM_INFO ../uvm_testbench/apb_agent/apb_monitor.sv(65) @ 350000: uvm_test_top.env.apj.mon [apb_monitor] from monitor after sampling
1764785536 -------------         0
-------------------------------------------------------------
Name                   Type                  Size  Value     
-------------------------------------------------------------
trans                  apb_jtag_transaction  -     @4752     
  transfer             integral              1     'h1       
  read                 integral              1     'h0       
  write                integral              1     'h1       
  apb_paddr            integral              32    'h2382f594
  apb_write_data       integral              32    'hc28f5448
  prdata               integral              32    'h0       
  pready               integral              1     'h0       
  pslverr              integral              1     'h0       
  psel                 integral              1     'h1       
  pwrite               integral              1     'h0       
  paddr                integral              32    'h2382f594
  pwdata               integral              32    'hc28f5448
  apb_read_data_out    integral              32    'h0       
  apb_read_data_valid  integral              1     'h0       
-------------------------------------------------------------
UVM_INFO ../uvm_testbench/apb_env/apb_scoreboard.sv(22) @ 350000: uvm_test_top.env.scb [apb_scoreboard] write operation performed successfully apb_write_data = c28f5448,  apb_pwdata = c28f5448
UVM_INFO ../uvm_testbench/apb_agent/apb_driver_slave.sv(38) @ 350000: uvm_test_top.env.aps.dri_s [apb_slave_driver] high enable detected by slave
data written into slave at memory [2382f594] = c28f5448
UVM_INFO ../uvm_testbench/apb_agent/apb_driver.sv(43) @ 370000: uvm_test_top.env.apj.dri [apb_driver_jtag] penable went high
the value of slave error is 1
UVM_INFO ../uvm_testbench/apb_sequence/apb_sequence_slave_rw.sv(22) @ 370000: uvm_test_top.env.aps.seqr_s@@slseq [apb_slave_fixed_response_seq] slave sequence completed
UVM_INFO ../uvm_testbench/apb_agent/apb_driver.sv(50) @ 370000: uvm_test_top.env.apj.dri [apb_driver_jtag] penable went low for next transaction
UVM_INFO ../uvm_testbench/apb_agent/apb_driver.sv(51) @ 370000: uvm_test_top.env.apj.dri [apb_driver_jtag] transaction completed
UVM_INFO ../uvm_testbench/apb_sequence/apb_sequence_write.sv(174) @ 370000: uvm_test_top.env.apj.seqr@@jseq [apb_jtag_custom_write_sequence] jtag sequence completed
UVM_INFO ../uvm_testbench/apb_sequence/apb_sequence_write.sv(143) @ 370000: uvm_test_top.env.apj.seqr@@jseq [apb_jtag_custom_write_sequence] in sequene body
UVM_INFO ../uvm_testbench/apb_sequence/apb_sequence_slave_rw.sv(13) @ 370000: uvm_test_top.env.aps.seqr_s@@slseq [apb_slave_fixed_response_seq] in sequence body
UVM_INFO ../uvm_testbench/apb_agent/apb_driver.sv(24) @ 370000: uvm_test_top.env.apj.dri [apb_driver_jtag] write instructions from sequence received given
-----------------------------------------------------------------------------------------
Name                           Type                  Size  Value                         
-----------------------------------------------------------------------------------------
write_transaction              apb_jtag_transaction  -     @2713                         
  transfer                     integral              1     'h1                           
  read                         integral              1     'h1                           
  write                        integral              1     'h0                           
  apb_paddr                    integral              32    'h2382f594                    
  apb_write_data               integral              32    'h356eaea3                    
  prdata                       integral              32    'h0                           
  pready                       integral              1     'h0                           
  pslverr                      integral              1     'h0                           
  psel                         integral              1     'h0                           
  pwrite                       integral              1     'h0                           
  paddr                        integral              32    'h0                           
  pwdata                       integral              32    'h0                           
  apb_read_data_out            integral              32    'h69307d80                    
  apb_read_data_valid          integral              1     'h0                           
  begin_time                   time                  64    370000                        
  end_time                     time                  64    370000                        
  depth                        int                   32    'd2                           
  parent sequence (name)       string                4     jseq                          
  parent sequence (full name)  string                30    uvm_test_top.env.apj.seqr.jseq
  sequencer                    string                25    uvm_test_top.env.apj.seqr     
-----------------------------------------------------------------------------------------
UVM_INFO ../uvm_testbench/apb_agent/apb_driver.sv(33) @ 370000: uvm_test_top.env.apj.dri [apb_driver_jtag] write instructions given
UVM_INFO ../uvm_testbench/apb_agent/apb_driver.sv(38) @ 370000: uvm_test_top.env.apj.dri [apb_driver_jtag] penable went low
UVM_INFO ../uvm_testbench/apb_agent/apb_driver_slave.sv(25) @ 370000: uvm_test_top.env.aps.dri_s [apb_slave_driver] psel _driver running
UVM_INFO ../uvm_testbench/apb_agent/apb_driver_slave.sv(32) @ 390000: uvm_test_top.env.aps.dri_s [apb_slave_driver] psel detected high by slave
UVM_INFO ../uvm_testbench/apb_agent/apb_driver.sv(43) @ 410000: uvm_test_top.env.apj.dri [apb_driver_jtag] penable went high
UVM_INFO ../uvm_testbench/apb_agent/apb_driver_slave.sv(38) @ 430000: uvm_test_top.env.aps.dri_s [apb_slave_driver] high enable detected by slave
UVM_INFO ../uvm_testbench/apb_agent/apb_monitor.sv(65) @ 430000: uvm_test_top.env.apj.mon [apb_monitor] from monitor after sampling
3264173128 -------------3264173128
-------------------------------------------------------------
Name                   Type                  Size  Value     
-------------------------------------------------------------
trans                  apb_jtag_transaction  -     @4816     
  transfer             integral              1     'h1       
  read                 integral              1     'h1       
  write                integral              1     'h0       
  apb_paddr            integral              32    'h2382f594
  apb_write_data       integral              32    'h356eaea3
  prdata               integral              32    'hc28f5448
  pready               integral              1     'h0       
  pslverr              integral              1     'h0       
  psel                 integral              1     'h1       
  pwrite               integral              1     'h0       
  paddr                integral              32    'h2382f594
  pwdata               integral              32    'h0       
  apb_read_data_out    integral              32    'hc28f5448
  apb_read_data_valid  integral              1     'h0       
-------------------------------------------------------------
UVM_INFO ../uvm_testbench/apb_env/apb_scoreboard.sv(27) @ 430000: uvm_test_top.env.scb [apb_scoreboard] read operation performed successfully apb_read_data_out = c28f5448,  apb_prdata = c28f5448
the value of slave error is 0
UVM_INFO ../uvm_testbench/apb_sequence/apb_sequence_slave_rw.sv(22) @ 450000: uvm_test_top.env.aps.seqr_s@@slseq [apb_slave_fixed_response_seq] slave sequence completed
UVM_INFO ../uvm_testbench/apb_agent/apb_driver.sv(50) @ 450000: uvm_test_top.env.apj.dri [apb_driver_jtag] penable went low for next transaction
UVM_INFO ../uvm_testbench/apb_agent/apb_driver.sv(51) @ 450000: uvm_test_top.env.apj.dri [apb_driver_jtag] transaction completed
UVM_INFO ../uvm_testbench/apb_sequence/apb_sequence_write.sv(174) @ 450000: uvm_test_top.env.apj.seqr@@jseq [apb_jtag_custom_write_sequence] jtag sequence completed
UVM_INFO /tools/cadence_march2021/XCELIUM2209/tools/methodology/UVM/CDNS-1.1d/sv/src/base/uvm_objection.svh(1268) @ 450000: reporter [TEST_DONE] 'run' phase is ready to proceed to the 'extract' phase

--- UVM Report catcher Summary ---


Number of demoted UVM_FATAL reports  :    0
Number of demoted UVM_ERROR reports  :    0
Number of demoted UVM_WARNING reports:    0
Number of caught UVM_FATAL reports   :    0
Number of caught UVM_ERROR reports   :    0
Number of caught UVM_WARNING reports :    0

--- UVM Report Summary ---

** Report counts by severity
UVM_INFO :  108
UVM_WARNING :    0
UVM_ERROR :    0
UVM_FATAL :    0
** Report counts by id
[RNTST]     1
[TEST_DONE]     1
[apb_agent_jtag]     1
[apb_driver_jtag]    37
[apb_jtag_custom_write_sequence]    14
[apb_monitor]    10
[apb_scoreboard]     9
[apb_slave_agent]     1
[apb_slave_driver]    20
[apb_slave_fixed_response_seq]    14
Simulation complete via $finish(1) at time 450 NS + 57
/tools/cadence_march2021/XCELIUM2209/tools/methodology/UVM/CDNS-1.1d/sv/src/base/uvm_root.svh:457     $finish;
xcelium> exit
TOOL:	xrun(64)	22.09-s003: Exiting on Jan 06, 2025 at 15:14:46 IST  (total: 00:00:04)
